<?xml version="1.0" encoding="UTF-8"?>
<testsuite name="order.services.tool.OrderApplicationTest" tests="1" skipped="0" failures="0" errors="0" timestamp="2020-04-06T14:19:37" hostname="DESKTOP-1AB3EUL" time="0.002">
  <properties/>
  <testcase name="testAppHasAGreeting" classname="order.services.tool.OrderApplicationTest" time="0.002"/>
  <system-out><![CDATA[]]></system-out>
  <system-err><![CDATA[]]></system-err>
</testsuite>
