<?xml version="1.0" encoding="UTF-8"?>
<testsuite name="order.services.tool.service.OrderServiceTest" tests="8" skipped="0" failures="0" errors="0" timestamp="2020-04-06T14:19:52" hostname="DESKTOP-1AB3EUL" time="0.211">
  <properties/>
  <testcase name="shouldSuccessfullyUpdateRepository" classname="order.services.tool.service.OrderServiceTest" time="0.046"/>
  <testcase name="shouldThrowDataNotFoundExceptionIfNoDistanceFound" classname="order.services.tool.service.OrderServiceTest" time="0.042"/>
  <testcase name="shouldSuccessfullyCallRepository" classname="order.services.tool.service.OrderServiceTest" time="0.008"/>
  <testcase name="shouldValidateIfStatusIsTaken" classname="order.services.tool.service.OrderServiceTest" time="0.002"/>
  <testcase name="shouldSuccessfullyRetrieveOrdersByPage" classname="order.services.tool.service.OrderServiceTest" time="0.094"/>
  <testcase name="shouldNotRetrieveOrderDetailsIfResultIsEmpty" classname="order.services.tool.service.OrderServiceTest" time="0.002"/>
  <testcase name="shouldValidateIfNoRecordFound" classname="order.services.tool.service.OrderServiceTest" time="0.001"/>
  <testcase name="shouldThrowDatabaseException" classname="order.services.tool.service.OrderServiceTest" time="0.005"/>
  <system-out><![CDATA[]]></system-out>
  <system-err><![CDATA[]]></system-err>
</testsuite>
